# JRE version: Java(TM) SE Runtime Environment (17.0.12+8) (build 17.0.12+8-LTS-286)
# Java VM: Java HotSpot(TM) 64-Bit Server VM (17.0.12+8-LTS-286, mixed mode, sharing, tiered, compressed oops, compressed class ptrs, g1 gc, windows-amd64)
GC Precious Log:
 CPUs: 32 total, 32 available
 Memory: 32508M
 Large Page Support: Disabled
 NUMA Support: Disabled
 Compressed Oops: Enabled (Zero based)
 Heap Region Size: 4M
 Heap Min Capacity: 8M
 Heap Initial Capacity: 508M
 Heap Max Capacity: 8128M
 Pre-touch: Disabled
 Parallel Workers: 23
 Concurrent Workers: 6
 Concurrent Refinement Workers: 23
 Periodic GC: Disabled
Heap:
 garbage-first heap   total 81920K, used 51902K [0x0000000604000000, 0x0000000800000000)
  region size 4096K, 11 young (45056K), 2 survivors (8192K)
 Metaspace       used 59437K, committed 59968K, reserved 1114112K
  class space    used 8057K, committed 8320K, reserved 1048576K
GC Heap History (16 events):
Event: 0.206 GC heap before
{Heap before GC invocations=0 (full 0):
 garbage-first heap   total 520192K, used 20480K [0x0000000604000000, 0x0000000800000000)
  region size 4096K, 6 young (24576K), 0 survivors (0K)
 Metaspace       used 4892K, committed 5120K, reserved 1114112K
  class space    used 545K, committed 640K, reserved 1048576K
}
Event: 0.209 GC heap after
{Heap after GC invocations=1 (full 0):
 garbage-first heap   total 520192K, used 7003K [0x0000000604000000, 0x0000000800000000)
  region size 4096K, 1 young (4096K), 1 survivors (4096K)
 Metaspace       used 4892K, committed 5120K, reserved 1114112K
  class space    used 545K, committed 640K, reserved 1048576K
}
Event: 0.370 GC heap before
{Heap before GC invocations=1 (full 0):
 garbage-first heap   total 520192K, used 27483K [0x0000000604000000, 0x0000000800000000)
  region size 4096K, 6 young (24576K), 1 survivors (4096K)
 Metaspace       used 9612K, committed 9856K, reserved 1114112K
  class space    used 1194K, committed 1280K, reserved 1048576K
}
Event: 0.372 GC heap after
{Heap after GC invocations=2 (full 0):
 garbage-first heap   total 520192K, used 8703K [0x0000000604000000, 0x0000000800000000)
  region size 4096K, 1 young (4096K), 1 survivors (4096K)
 Metaspace       used 9612K, committed 9856K, reserved 1114112K
  class space    used 1194K, committed 1280K, reserved 1048576K
}
Event: 0.697 GC heap before
{Heap before GC invocations=2 (full 0):
 garbage-first heap   total 520192K, used 61951K [0x0000000604000000, 0x0000000800000000)
  region size 4096K, 15 young (61440K), 1 survivors (4096K)
 Metaspace       used 19758K, committed 20032K, reserved 1114112K
  class space    used 2422K, committed 2560K, reserved 1048576K
}
Event: 0.699 GC heap after
{Heap after GC invocations=3 (full 0):
 garbage-first heap   total 520192K, used 13790K [0x0000000604000000, 0x0000000800000000)
  region size 4096K, 2 young (8192K), 2 survivors (8192K)
 Metaspace       used 19758K, committed 20032K, reserved 1114112K
  class space    used 2422K, committed 2560K, reserved 1048576K
}
Event: 0.776 GC heap before
{Heap before GC invocations=3 (full 0):
 garbage-first heap   total 520192K, used 26078K [0x0000000604000000, 0x0000000800000000)
  region size 4096K, 6 young (24576K), 2 survivors (8192K)
 Metaspace       used 21191K, committed 21504K, reserved 1114112K
  class space    used 2596K, committed 2752K, reserved 1048576K
}
Event: 0.778 GC heap after
{Heap after GC invocations=4 (full 0):
 garbage-first heap   total 520192K, used 14257K [0x0000000604000000, 0x0000000800000000)
  region size 4096K, 2 young (8192K), 2 survivors (8192K)
 Metaspace       used 21191K, committed 21504K, reserved 1114112K
  class space    used 2596K, committed 2752K, reserved 1048576K
}
Event: 1.081 GC heap before
{Heap before GC invocations=5 (full 0):
 garbage-first heap   total 69632K, used 47025K [0x0000000604000000, 0x0000000800000000)
  region size 4096K, 11 young (45056K), 2 survivors (8192K)
 Metaspace       used 25864K, committed 26304K, reserved 1114112K
  class space    used 3288K, committed 3520K, reserved 1048576K
}
Event: 1.084 GC heap after
{Heap after GC invocations=6 (full 0):
 garbage-first heap   total 69632K, used 17016K [0x0000000604000000, 0x0000000800000000)
  region size 4096K, 3 young (12288K), 3 survivors (12288K)
 Metaspace       used 25864K, committed 26304K, reserved 1114112K
  class space    used 3288K, committed 3520K, reserved 1048576K
}
Event: 1.132 GC heap before
{Heap before GC invocations=6 (full 0):
 garbage-first heap   total 69632K, used 21112K [0x0000000604000000, 0x0000000800000000)
  region size 4096K, 4 young (16384K), 3 survivors (12288K)
 Metaspace       used 26467K, committed 26880K, reserved 1114112K
  class space    used 3369K, committed 3584K, reserved 1048576K
}
Event: 1.135 GC heap after
{Heap after GC invocations=7 (full 0):
 garbage-first heap   total 294912K, used 17914K [0x0000000604000000, 0x0000000800000000)
  region size 4096K, 1 young (4096K), 1 survivors (4096K)
 Metaspace       used 26467K, committed 26880K, reserved 1114112K
  class space    used 3369K, committed 3584K, reserved 1048576K
}
Event: 1.607 GC heap before
{Heap before GC invocations=7 (full 0):
 garbage-first heap   total 294912K, used 67066K [0x0000000604000000, 0x0000000800000000)
  region size 4096K, 14 young (57344K), 1 survivors (4096K)
 Metaspace       used 35550K, committed 35968K, reserved 1114112K
  class space    used 4641K, committed 4864K, reserved 1048576K
}
Event: 1.609 GC heap after
{Heap after GC invocations=8 (full 0):
 garbage-first heap   total 294912K, used 19649K [0x0000000604000000, 0x0000000800000000)
  region size 4096K, 1 young (4096K), 1 survivors (4096K)
 Metaspace       used 35550K, committed 35968K, reserved 1114112K
  class space    used 4641K, committed 4864K, reserved 1048576K
}
Event: 4.462 GC heap before
{Heap before GC invocations=9 (full 0):
 garbage-first heap   total 81920K, used 64705K [0x0000000604000000, 0x0000000800000000)
  region size 4096K, 13 young (53248K), 1 survivors (4096K)
 Metaspace       used 49838K, committed 50304K, reserved 1114112K
  class space    used 6539K, committed 6784K, reserved 1048576K
}
Event: 4.465 GC heap after
{Heap after GC invocations=10 (full 0):
 garbage-first heap   total 81920K, used 23230K [0x0000000604000000, 0x0000000800000000)
  region size 4096K, 2 young (8192K), 2 survivors (8192K)
 Metaspace       used 49838K, committed 50304K, reserved 1114112K
  class space    used 6539K, committed 6784K, reserved 1048576K
}

